<component name="libraryTable">
  <library name="junit-4.12">
    <CLASSES>
<<<<<<< HEAD
      <root url="jar://$APPLICATION_HOME_DIR$/gradle/gradle-2.14.1/caches/modules-2/files-2.1/junit/junit/4.12/2973d150c0dc1fefe998f834810d68f278ea58ec/junit-4.12.jar!/" />
    </CLASSES>
    <JAVADOC />
    <SOURCES>
      <root url="jar://$APPLICATION_HOME_DIR$/gradle/gradle-2.14.1/caches/modules-2/files-2.1/junit/junit/4.12/a6c32b40bf3d76eca54e3c601e5d1470c86fcdfa/junit-4.12-sources.jar!/" />
=======
      <root url="jar://$USER_HOME$/caches/modules-2/files-2.1/junit/junit/4.12/2973d150c0dc1fefe998f834810d68f278ea58ec/junit-4.12.jar!/" />
    </CLASSES>
    <JAVADOC />
    <SOURCES>
      <root url="jar://$USER_HOME$/caches/modules-2/files-2.1/junit/junit/4.12/a6c32b40bf3d76eca54e3c601e5d1470c86fcdfa/junit-4.12-sources.jar!/" />
>>>>>>> f34f9f8dedb453891468972c7c4a286c3586d0c1
    </SOURCES>
  </library>
</component>